2017-01-11 12:49:34_Scrapy_No section: default line::185
2017-01-11 12:51:16_Scrapy_No section: default line::185
2017-01-11 12:59:00_Scrapy_No section: default line::185
2017-01-11 13:00:37_Scrapy_No section: default line::185
2017-01-11 13:00:43_Scrapy_No section: default line::185
2017-01-11 13:00:59_Scrapy_No section: default line::185
2017-01-11 13:01:36_Scrapy_No section: default line::185
2017-01-11 13:01:44_Scrapy_No section: default line::185
2017-01-11 13:04:26_Scrapy_No section: default line::185
2017-01-11 13:05:44_Scrapy_No section: default line::185
2017-01-11 13:12:00_Scrapy_File contains no section headers.
file: D:/01_2017/11/eex.ini, line: 1
\xef\xbb\xbf[default]\n line::57
2017-01-11 16:50:52_Extract_No section: E-eex-plel-currentyear-yesterday line no: 2353
2017-01-11 16:50:53_Scrapy_No section: status line::196
2017-01-11 16:51:11_Extract_No section: E-eex-plel-currentyear-yesterday line no: 2353
2017-01-11 16:51:12_Scrapy_No section: status line::196
2017-01-11 17:00:22_Extract_Expected file is not found|eex[Error 183] Cannot create a file when that file already exists line no: 1674
2017-01-11 17:01:52_Extract_Expected file is not found|eex[Error 183] Cannot create a file when that file already exists line no: 1674
2017-01-11 17:02:31_Extract_Expected file is not found|eex[Error 183] Cannot create a file when that file already exists line no: 1674
2017-01-11 17:03:36_Extract_Expected file is not found|eex[Error 183] Cannot create a file when that file already exists line no: 1674
2017-01-11 17:03:57_Extract_Expected file is not found|eex[Error 183] Cannot create a file when that file already exists line no: 1674
2017-01-11 17:06:23_Extract_Expected file is not found|eex[Error 183] Cannot create a file when that file already exists line no: 1674
2017-01-11 17:08:11_Extract_Expected file is not found|eex[Error 183] Cannot create a file when that file already exists line no: 1674
2017-01-11 17:08:50_Extract_Expected file is not found|eex[Error 183] Cannot create a file when that file already exists line no: 1674
2017-01-11 17:48:39_Scrapy_[Errno 2] No such file or directory line::189
2017-01-12 18:23:15_Scrapy_[Errno 2] No such file or directory line::189
2017-01-12 18:24:33_Scrapy_[Errno 2] No such file or directory line::189
