2017-01-17 12:47:14_Extract_No section: E-ems-load-realised-none line no: 2360
2017-01-17 12:47:15_Scrapy_No section: status line::196
2017-01-17 14:56:49_Extract_Website down| line no: 1581
2017-01-17 14:59:25_Extract_local variable rawFile_contentType referenced before assignment line no: 1404
2017-01-17 14:59:45_Extract_local variable rawFile_contentType referenced before assignment line no: 1404
2017-01-17 15:01:02_Extract_Unsupported format, or corrupt file: Expected BOF record; found {"d":[{" line no: 1476
2017-01-17 15:02:14_Extract_Unsupported format, or corrupt file: Expected BOF record; found {"d":[{" line no: 1476
2017-01-17 15:02:53_Extract_Unsupported format, or corrupt file: Expected BOF record; found {"d":[{" line no: 1476
2017-01-17 15:03:16_Extract_Unsupported format, or corrupt file: Expected BOF record; found {"d":[{" line no: 1476
2017-01-17 15:04:22_Extract_local variable rawFile_contentType referenced before assignment line no: 1404
2017-01-17 15:35:26_Extract_local variable rawFile_contentType referenced before assignment line no: 1404
2017-01-17 15:40:15_Extract_local variable rawFile_contentType referenced before assignment line no: 1404
2017-01-17 16:08:43_Extract_No section: E-nosbih-electricity-utilization-none line no: 726
2017-01-17 16:08:44_Scrapy_No section: status line::196
2017-01-17 17:57:00_Extract_No section: E-ems-load-forecast-noneprevious1 line no: 2360
2017-01-17 17:57:01_Scrapy_No section: status line::196
2017-01-17 17:57:35_Extract_No section: E-ems-load-forecast-noneprevious1 line no: 2360
2017-01-17 17:57:36_Scrapy_No section: status line::196
2017-01-18 15:38:36_Extract_No section: E-nosbih-electricity-utilization- line no: 726
2017-01-18 15:38:38_Scrapy_No section: status line::196
2017-01-18 15:39:14_Extract_No section: E-nosbih-electricity-utilization-Planned-production1 line no: 726
2017-01-18 15:39:15_Scrapy_No section: status line::196
2017-01-18 15:45:09_Extract_No section: E-nosbih-electricity-utilization-Planned-production1 line no: 726
2017-01-18 15:45:10_Scrapy_No section: status line::196
